<?xml version="1.0" encoding="UTF-8"?>
<!-- Generated by org.testng.reporters.JUnitReportReporter -->
<testsuite hostname="asmahisham" failures="0" tests="2" name="MyTestCases" time="485.183" errors="0" timestamp="2024-11-18T14:21:15 GST" skipped="1">
  <testcase classname="MyTestCases" name="addTwoNumbers" time="485.183"/>
  <system-out/>
  <testcase classname="MyTestCases" name="clickOnAlNumbers">
    <skipped/>
  </testcase> <!-- clickOnAlNumbers -->
  <system-out/>
</testsuite> <!-- MyTestCases -->
