<?xml version="1.0" encoding="UTF-8"?>
<!-- Generated by org.testng.reporters.JUnitReportReporter -->
<testsuite hostname="asmahisham" failures="0" tests="1" name="MyTestCases" time="183.342" errors="0" timestamp="2024-11-12T18:52:27 GST" skipped="0">
  <testcase classname="MyTestCases" name="FirstTest" time="183.342"/>
  <system-out/>
</testsuite> <!-- MyTestCases -->
